2015-01-05 13:28:11 : 05/01/2015
2015-01-05 13:28:11 : Xavier Gonzalez
2015-01-05 13:28:11 : xavier@gonzalez.pm
2015-01-05 13:28:11 : xqsxqsq
2015-01-05 13:28:11 : sendMail
2015-01-05 13:28:11 : Message envoyé ! 
2015-01-05 13:28:32 : abonnement
2015-01-05 13:28:32 : Xavier Gonzalez
2015-01-05 13:28:32 : xavier@gonzalez.pm
2015-01-05 13:28:32 : xcwxc
2015-01-05 13:28:32 : sendMail
2015-01-05 13:28:32 : Message envoyé ! 
2015-01-05 15:06:35 : sendMail
2015-01-05 15:06:35 : Xavier Gonzalez
2015-01-05 15:06:35 : Javier
2015-01-05 15:06:35 : xavier@gonzalez.pm
2015-01-05 15:06:35 : 06 81 73 18 70
2015-01-05 15:06:35 : programme
2015-01-05 15:06:35 : salut
2015-01-05 15:06:35 xxxxxxxxxxxxxxxxxxxxxxxxxxxxxxxxxxxxxxxxxxxx  
2015-01-05 15:06:35 : Message envoyé ! 
2015-01-05 15:08:53 : sendMail
2015-01-05 15:08:53 : RESTAURANT
2015-01-05 15:08:53 : Javier
2015-01-05 15:08:53 : xavier@gonzalez.pm
2015-01-05 15:08:53 : 06.75.57.72.77
2015-01-05 15:08:53 : abonnement
2015-01-05 15:08:53 : sdsfsdfdf
2015-01-05 15:08:53 xxxxxxxxxxxxxxxxxxxxxxxxxxxxxxxxxxxxxxxxxxxx  
2015-01-05 15:08:53 : Message envoyé ! 
2015-01-05 15:11:16 : sendMail
2015-01-05 15:11:16 : pouet
2015-01-05 15:11:16 : Mathilde
2015-01-05 15:11:16 : xavier@gonzalez.pm
2015-01-05 15:11:16 : 0626932230
2015-01-05 15:11:16 : programme
2015-01-05 15:11:16 : aaaaaaa
2015-01-05 15:11:16 : Message envoyé ! 
2015-01-05 15:11:16 xxxxxxxxxxxxxxxxxxxxxxxxxxxxxxxxxxxxxxxxxxxx  
2015-01-05 15:14:47 : sendMail
2015-01-05 15:14:47 : Xavier Gonzalez
2015-01-05 15:14:47 : 
2015-01-05 15:14:47 : xavier@gonzalez.pm
2015-01-05 15:14:47 : 
2015-01-05 15:14:47 : programme
2015-01-05 15:14:47 : d df dsf sf df 
2015-01-05 15:14:47 : Message envoyé ! 
2015-01-05 15:14:47 xxxxxxxxxxxxxxxxxxxxxxxxxxxxxxxxxxxxxxxxxxxx  
2015-01-05 15:21:10 : sendMail
2015-01-05 15:21:10 : dsfsf
2015-01-05 15:21:10 : 
2015-01-05 15:21:10 : sdfsdf@fsdfsdf.fr
2015-01-05 15:21:10 : 
2015-01-05 15:21:10 : abonnement
2015-01-05 15:21:10 : mon message
2015-01-05 15:21:10 : checked
2015-01-05 15:21:10 : Message envoyé ! 
2015-01-05 15:21:10 xxxxxxxxxxxxxxxxxxxxxxxxxxxxxxxxxxxxxxxxxxxx  
2015-01-05 15:21:38 : sendMail
2015-01-05 15:21:38 : pouet
2015-01-05 15:21:38 : Xavier
2015-01-05 15:21:38 : sdfsdf@fsdfsdf.fr
2015-01-05 15:21:38 : 0681731870
2015-01-05 15:21:38 : programme
2015-01-05 15:21:38 : ppppp ppppp 
2015-01-05 15:21:38 : 
2015-01-05 15:21:38 : Message envoyé ! 
2015-01-05 15:21:38 xxxxxxxxxxxxxxxxxxxxxxxxxxxxxxxxxxxxxxxxxxxx  
2015-01-05 15:22:28 : sendMail
2015-01-05 15:22:28 : Xavier Gonzalez
2015-01-05 15:22:28 : 
2015-01-05 15:22:28 : xavier@gonzalez.pm
2015-01-05 15:22:28 : 
2015-01-05 15:22:28 : abonnement
2015-01-05 15:22:28 : fdddd
2015-01-05 15:22:28 : 
2015-01-05 15:22:28 : Message envoyé ! 
2015-01-05 15:22:28 xxxxxxxxxxxxxxxxxxxxxxxxxxxxxxxxxxxxxxxxxxxx  
2015-01-05 15:23:10 : sendMail
2015-01-05 15:23:10 : RESTAURANT
2015-01-05 15:23:10 : 
2015-01-05 15:23:10 : xavier@gonzalez.pm
2015-01-05 15:23:10 : 
2015-01-05 15:23:10 : programme
2015-01-05 15:23:10 : zpojzsm,kzmdlkmz,dksm
2015-01-05 15:23:10 : 1
2015-01-05 15:23:10 : Message envoyé ! 
2015-01-05 15:23:10 xxxxxxxxxxxxxxxxxxxxxxxxxxxxxxxxxxxxxxxxxxxx  
2015-01-05 15:29:50 : sendMail
2015-01-05 15:29:50 : dsfsf
2015-01-05 15:29:50 : Gonzalez
2015-01-05 15:29:50 : xavier@gonzalez.pm
2015-01-05 15:29:50 : 06876756
2015-01-05 15:29:50 : programme
2015-01-05 15:29:50 : bonjour quel ?
2015-01-05 15:29:50 : 1
2015-01-05 15:29:50 : Message envoyé ! 
2015-01-05 15:29:50 xxxxxxxxxxxxxxxxxxxxxxxxxxxxxxxxxxxxxxxxxxxx  
2015-01-05 16:24:17 : sendMail
2015-01-05 16:24:17 : pouet
2015-01-05 16:24:17 : 
2015-01-05 16:24:17 : xavier@gonzalez.pm
2015-01-05 16:24:17 : 
2015-01-05 16:24:17 : programme
2015-01-05 16:24:17 : ssss
2015-01-05 16:24:17 : 1
2015-01-05 16:24:17 : Message envoyé ! 
2015-01-05 16:24:17 xxxxxxxxxxxxxxxxxxxxxxxxxxxxxxxxxxxxxxxxxxxx  
2015-01-12 11:39:39 : 12/01/2015
2015-01-12 11:39:39 : xav gonz
2015-01-12 11:39:39 : xavier@gonzalez.pm
2015-01-12 11:39:39 : pouet 
2015-01-12 11:39:39 : sendMail
2015-01-12 11:39:39 : 1
2015-01-12 11:39:39 : Message envoyé ! 
2015-01-12 11:39:39 xxxxxxxxxxxxxxxxxxxxxxxxxxxxxxxxxxxxxxxxxxxx  
